#
# A fatal error has been detected by the Java Runtime Environment:
#
#  Internal Error (relocInfo_x86.cpp:101), pid=19288, tid=0x00000000000055f4
#  Error: ShouldNotReachHere()
#
# JRE version: Java(TM) SE Runtime Environment (8.0_102-b14) (build 1.8.0_102-b14)
# Java VM: Java HotSpot(TM) 64-Bit Server VM (25.102-b14 mixed mode windows-amd64 compressed oops)
# Failed to write core dump. Minidumps are not enabled by default on client versions of Windows
#
# If you would like to submit a bug report, please visit:
#   http://bugreport.java.com/bugreport/crash.jsp
#

---------------  T H R E A D  ---------------

Current thread (0x000000001e731800):  JavaThread "C1 CompilerThread2" daemon [_thread_in_vm, id=22004, stack(0x000000001ed10000,0x000000001ee10000)]

Stack: [0x000000001ed10000,0x000000001ee10000]
[error occurred during error reporting (printing stack bounds), id 0xc0000005]

Native frames: (J=compiled Java code, j=interpreted, Vv=VM code, C=native code)


Current CompileTask:
C1:   6278  285   !   3       java.net.URL::<init> (543 bytes)


---------------  P R O C E S S  ---------------

Java Threads: ( => current thread )
  0x000000001e7ae800 JavaThread "Service Thread" daemon [_thread_blocked, id=24224, stack(0x000000001ee10000,0x000000001ef10000)]
=>0x000000001e731800 JavaThread "C1 CompilerThread2" daemon [_thread_in_vm, id=22004, stack(0x000000001ed10000,0x000000001ee10000)]
  0x000000001e72c000 JavaThread "C2 CompilerThread1" daemon [_thread_blocked, id=25108, stack(0x000000001ec10000,0x000000001ed10000)]
  0x000000001e72a800 JavaThread "C2 CompilerThread0" daemon [_thread_blocked, id=23628, stack(0x000000001eb10000,0x000000001ec10000)]
  0x000000001c7ac800 JavaThread "JDWP Command Reader" daemon [_thread_in_native, id=23688, stack(0x000000001e610000,0x000000001e710000)]
  0x000000001c7ab000 JavaThread "JDWP Event Helper Thread" daemon [_thread_blocked, id=11192, stack(0x000000001e510000,0x000000001e610000)]
  0x000000001c79d800 JavaThread "JDWP Transport Listener: dt_shmem" daemon [_thread_blocked, id=18544, stack(0x000000001e410000,0x000000001e510000)]
  0x000000001c792000 JavaThread "Attach Listener" daemon [_thread_blocked, id=25528, stack(0x000000001e310000,0x000000001e410000)]
  0x000000001c790800 JavaThread "Signal Dispatcher" daemon [_thread_blocked, id=26584, stack(0x000000001e210000,0x000000001e310000)]
  0x000000001c77c800 JavaThread "Finalizer" daemon [_thread_blocked, id=22776, stack(0x000000001e010000,0x000000001e110000)]
  0x0000000002f93800 JavaThread "Reference Handler" daemon [_thread_blocked, id=26248, stack(0x000000001df10000,0x000000001e010000)]
  0x0000000002ea2800 JavaThread "main" [_thread_blocked, id=22388, stack(0x0000000002d20000,0x0000000002e20000)]

Other Threads:
  0x000000001c758000 VMThread [stack: 0x000000001de10000,0x000000001df10000] [id=24000]
  0x000000001e785800 WatcherThread [stack: 0x000000001ef10000,0x000000001f010000] [id=21664]

VM state:not at safepoint (normal execution)

VM Mutex/Monitor currently owned by a thread:  ([mutex/lock_event])
[0x000000000301da00] CodeCache_lock - owner thread: 0x000000001e731800
[0x0000000002ea16d0] Compile_lock - owner thread: 0x000000001e731800
[0x0000000002ea0f50] MethodCompileQueue_lock - owner thread: 0x000000001e731800

Heap:
 PSYoungGen      total 75776K, used 25327K [0x000000076b980000, 0x0000000770e00000, 0x00000007c0000000)
  eden space 65024K, 38% used [0x000000076b980000,0x000000076d23bc78,0x000000076f900000)
  from space 10752K, 0% used [0x0000000770380000,0x0000000770380000,0x0000000770e00000)
  to   space 10752K, 0% used [0x000000076f900000,0x000000076f900000,0x0000000770380000)
 ParOldGen       total 173568K, used 0K [0x00000006c2c00000, 0x00000006cd580000, 0x000000076b980000)
  object space 173568K, 0% used [0x00000006c2c00000,0x00000006c2c00000,0x00000006cd580000)
 Metaspace       used 5329K, capacity 5688K, committed 5760K, reserved 1056768K
  class space    used 614K, capacity 624K, committed 640K, reserved 1048576K

Card table byte_map: [0x00000000123e0000,0x0000000012bd0000] byte_map_base: 0x000000000edca000

Marking Bits: (ParMarkBitMap*) 0x000000006108a6c0
 Begin Bits: [0x0000000013720000, 0x0000000017670000)
 End Bits:   [0x0000000017670000, 0x000000001b5c0000)

Polling page: 0x0000000002950000

CodeCache: size=245760Kb used=1778Kb max_used=1778Kb free=243981Kb
 bounds [0x0000000003020000, 0x0000000003290000, 0x0000000012020000]
 total_blobs=535 nmethods=283 adapters=172
 compilation: enabled

Compilation events (10 events):
Event: 6.230 Thread 0x000000001e731800 nmethod 276 0x00000000031d1b90 code [0x00000000031d1d60, 0x00000000031d25d8]
Event: 6.230 Thread 0x000000001e731800  279       3       java.net.URLClassLoader$1::run (5 bytes)
Event: 6.230 Thread 0x000000001e731800 nmethod 279 0x00000000031cb5d0 code [0x00000000031cb740, 0x00000000031cb8e8]
Event: 6.230 Thread 0x000000001e731800  280   !   3       java.net.URLClassLoader$1::run (63 bytes)
Event: 6.231 Thread 0x000000001e731800 nmethod 280 0x00000000031cab50 code [0x00000000031cad20, 0x00000000031cb2a8]
Event: 6.231 Thread 0x000000001e731800  281       3       java.util.Hashtable::addEntry (87 bytes)
Event: 6.231 Thread 0x000000001e731800 nmethod 281 0x00000000031c9fd0 code [0x00000000031ca180, 0x00000000031ca7f8]
Event: 6.232 Thread 0x000000001e731800  283       3       java.lang.String::substring (56 bytes)
Event: 6.232 Thread 0x000000001e731800 nmethod 283 0x00000000031c9850 code [0x00000000031c9a00, 0x00000000031c9de8]
Event: 6.232 Thread 0x000000001e731800  285   !   3       java.net.URL::<init> (543 bytes)

GC Heap History (0 events):
No events

Deoptimization events (0 events):
No events

Internal exceptions (10 events):
Event: 6.143 Thread 0x0000000002ea2800 Exception <a 'java/lang/ClassNotFoundException': org/apache/log4j/ConsoleAppenderBeanInfo> (0x000000076beed508) thrown at [C:\re\workspace\8-2-build-windows-amd64-cygwin\jdk8u102\7268\hotspot\src\share\vm\classfile\systemDictionary.cpp, line 210]
Event: 6.144 Thread 0x0000000002ea2800 Exception <a 'java/lang/ClassNotFoundException': org/apache/log4j/WriterAppenderBeanInfo> (0x000000076bef5a60) thrown at [C:\re\workspace\8-2-build-windows-amd64-cygwin\jdk8u102\7268\hotspot\src\share\vm\classfile\systemDictionary.cpp, line 210]
Event: 6.144 Thread 0x0000000002ea2800 Exception <a 'java/lang/ClassNotFoundException': org/apache/log4j/AppenderSkeletonBeanInfo> (0x000000076befe290) thrown at [C:\re\workspace\8-2-build-windows-amd64-cygwin\jdk8u102\7268\hotspot\src\share\vm\classfile\systemDictionary.cpp, line 210]
Event: 6.144 Thread 0x0000000002ea2800 Exception <a 'java/lang/ClassNotFoundException': org/apache/log4j/AppenderSkeletonCustomizer> (0x000000076bf070d8) thrown at [C:\re\workspace\8-2-build-windows-amd64-cygwin\jdk8u102\7268\hotspot\src\share\vm\classfile\systemDictionary.cpp, line 210]
Event: 6.145 Thread 0x0000000002ea2800 Exception <a 'java/lang/ClassNotFoundException': org/apache/log4j/WriterAppenderCustomizer> (0x000000076bf22728) thrown at [C:\re\workspace\8-2-build-windows-amd64-cygwin\jdk8u102\7268\hotspot\src\share\vm\classfile\systemDictionary.cpp, line 210]
Event: 6.146 Thread 0x0000000002ea2800 Exception <a 'java/lang/ClassNotFoundException': org/apache/log4j/ConsoleAppenderCustomizer> (0x000000076bf37e98) thrown at [C:\re\workspace\8-2-build-windows-amd64-cygwin\jdk8u102\7268\hotspot\src\share\vm\classfile\systemDictionary.cpp, line 210]
Event: 6.150 Thread 0x0000000002ea2800 Exception <a 'java/lang/ClassNotFoundException': org/apache/log4j/RollingFileAppenderBeanInfo> (0x000000076bf62178) thrown at [C:\re\workspace\8-2-build-windows-amd64-cygwin\jdk8u102\7268\hotspot\src\share\vm\classfile\systemDictionary.cpp, line 210]
Event: 6.150 Thread 0x0000000002ea2800 Exception <a 'java/lang/ClassNotFoundException': org/apache/log4j/FileAppenderBeanInfo> (0x000000076bf6a458) thrown at [C:\re\workspace\8-2-build-windows-amd64-cygwin\jdk8u102\7268\hotspot\src\share\vm\classfile\systemDictionary.cpp, line 210]
Event: 6.150 Thread 0x0000000002ea2800 Exception <a 'java/lang/ClassNotFoundException': org/apache/log4j/FileAppenderCustomizer> (0x000000076bf72910) thrown at [C:\re\workspace\8-2-build-windows-amd64-cygwin\jdk8u102\7268\hotspot\src\share\vm\classfile\systemDictionary.cpp, line 210]
Event: 6.151 Thread 0x0000000002ea2800 Exception <a 'java/lang/ClassNotFoundException': org/apache/log4j/RollingFileAppenderCustomizer> (0x000000076bf884a8) thrown at [C:\re\workspace\8-2-build-windows-amd64-cygwin\jdk8u102\7268\hotspot\src\share\vm\classfile\systemDictionary.cpp, line 210]

Events (10 events):
Event: 6.234 loading class java/lang/UnsupportedOperationException
Event: 6.234 loading class java/lang/UnsupportedOperationException done
Event: 6.234 loading class org/hibernate/type/descriptor/java/CharacterTypeDescriptor
Event: 6.234 loading class org/hibernate/type/descriptor/java/CharacterTypeDescriptor done
Event: 6.234 Thread 0x0000000002ea2800 DEOPT PACKING pc=0x00000000031bd749 sp=0x0000000002e1cea0
Event: 6.234 Thread 0x0000000002ea2800 DEOPT UNPACKING pc=0x000000000306787f sp=0x0000000002e1cbf0 mode 1
Event: 6.234 Thread 0x0000000002ea2800 DEOPT PACKING pc=0x000000000318d4a4 sp=0x0000000002e1cf20
Event: 6.234 Thread 0x0000000002ea2800 DEOPT UNPACKING pc=0x000000000306787f sp=0x0000000002e1cd40 mode 1
Event: 6.234 Thread 0x0000000002ea2800 DEOPT PACKING pc=0x000000000318d23c sp=0x0000000002e1d0b0
Event: 6.234 Thread 0x0000000002ea2800 DEOPT UNPACKING pc=0x000000000306787f sp=0x0000000002e1ced0 mode 1


Dynamic libraries:
0x00007ff60b290000 - 0x00007ff60b2c7000 	C:\Program Files\Java\jdk1.8.0_102\bin\java.exe
0x00007ffae8fd0000 - 0x00007ffae91c6000 	C:\Windows\SYSTEM32\ntdll.dll
0x00007ffae80b0000 - 0x00007ffae816d000 	C:\Windows\System32\KERNEL32.DLL
0x00007ffae6ca0000 - 0x00007ffae6f69000 	C:\Windows\System32\KERNELBASE.dll
0x00007ffae8980000 - 0x00007ffae8a2c000 	C:\Windows\System32\ADVAPI32.dll
0x00007ffae8a30000 - 0x00007ffae8ace000 	C:\Windows\System32\msvcrt.dll
0x00007ffae7810000 - 0x00007ffae78ac000 	C:\Windows\System32\sechost.dll
0x00007ffae76e0000 - 0x00007ffae780b000 	C:\Windows\System32\RPCRT4.dll
0x00007ffae7c40000 - 0x00007ffae7de0000 	C:\Windows\System32\USER32.dll
0x00007ffae7000000 - 0x00007ffae7022000 	C:\Windows\System32\win32u.dll
0x00007ffae8f60000 - 0x00007ffae8f8a000 	C:\Windows\System32\GDI32.dll
0x00007ffae6b10000 - 0x00007ffae6c19000 	C:\Windows\System32\gdi32full.dll
0x00007ffae6810000 - 0x00007ffae68ad000 	C:\Windows\System32\msvcp_win.dll
0x00007ffae6710000 - 0x00007ffae6810000 	C:\Windows\System32\ucrtbase.dll
0x00007ffacb510000 - 0x00007ffacb7ab000 	C:\Windows\WinSxS\amd64_microsoft.windows.common-controls_6595b64144ccf1df_6.0.19041.488_none_ca04af081b815d21\COMCTL32.dll
0x00007ffae7a60000 - 0x00007ffae7a90000 	C:\Windows\System32\IMM32.DLL
0x00007ffabffa0000 - 0x00007ffac0044000 	C:\Program Files\McAfee\Endpoint Security\Threat Prevention\Ips\EpMPApi.dll
0x00007ffae6fa0000 - 0x00007ffae7000000 	C:\Windows\System32\WINTRUST.dll
0x00007ffae68b0000 - 0x00007ffae6a0d000 	C:\Windows\System32\CRYPT32.dll
0x00007ffae6300000 - 0x00007ffae6312000 	C:\Windows\SYSTEM32\MSASN1.dll
0x00000000628c0000 - 0x00000000628cc000 	C:\Program Files\McAfee\Endpoint Security\Threat Prevention\Ips\EpMPThe.dll
0x00007ffac4bb0000 - 0x00007ffac4c0b000 	C:\Program Files\McAfee\Endpoint Security\Threat Prevention\Ips\HIPHandlers64.dll
0x00007ffae8170000 - 0x00007ffae88b2000 	C:\Windows\System32\SHELL32.dll
0x00007ffae7bc0000 - 0x00007ffae7c15000 	C:\Windows\System32\SHLWAPI.dll
0x00007ffad1480000 - 0x00007ffad1664000 	C:\Windows\SYSTEM32\dbghelp.dll
0x00007ffad9760000 - 0x00007ffad9814000 	C:\Program Files\Common Files\McAfee\SystemCore\mfehcinj.dll
0x00007ffad9750000 - 0x00007ffad975f000 	C:\Program Files\Common Files\McAfee\SystemCore\mfehcthe.dll
0x00007ffad9190000 - 0x00007ffad91f0000 	C:\Program Files\McAfee\MAR\mvcairo_x64.dll
0x00007ffae7a90000 - 0x00007ffae7bba000 	C:\Windows\System32\ole32.dll
0x00007ffae7030000 - 0x00007ffae7386000 	C:\Windows\System32\combase.dll
0x00007ffae78b0000 - 0x00007ffae797d000 	C:\Windows\System32\OLEAUT32.dll
0x00007ffad1120000 - 0x00007ffad114c000 	C:\Windows\SYSTEM32\dbgcore.DLL
0x0000000060790000 - 0x0000000060861000 	C:\Program Files\Java\jdk1.8.0_102\jre\bin\msvcr100.dll
0x0000000060870000 - 0x000000006110a000 	C:\Program Files\Java\jdk1.8.0_102\jre\bin\server\jvm.dll
0x00007ffae8ad0000 - 0x00007ffae8ad8000 	C:\Windows\System32\PSAPI.DLL
0x00007ffad10b0000 - 0x00007ffad10b9000 	C:\Windows\SYSTEM32\WSOCK32.dll
0x00007ffae7550000 - 0x00007ffae75bb000 	C:\Windows\System32\WS2_32.dll
0x00007ffabb460000 - 0x00007ffabb487000 	C:\Windows\SYSTEM32\WINMM.dll
0x00007ffae01b0000 - 0x00007ffae01ba000 	C:\Windows\SYSTEM32\VERSION.dll
0x0000000060740000 - 0x000000006074f000 	C:\Program Files\Java\jdk1.8.0_102\jre\bin\verify.dll
0x0000000060710000 - 0x0000000060739000 	C:\Program Files\Java\jdk1.8.0_102\jre\bin\java.dll
0x000000005d070000 - 0x000000005d0a5000 	C:\Program Files\Java\jdk1.8.0_102\jre\bin\jdwp.dll
0x000000005f0d0000 - 0x000000005f0d8000 	C:\Program Files\Java\jdk1.8.0_102\jre\bin\npt.dll
0x00000000606f0000 - 0x0000000060706000 	C:\Program Files\Java\jdk1.8.0_102\jre\bin\zip.dll
0x00007ffae4870000 - 0x00007ffae5005000 	C:\Windows\SYSTEM32\windows.storage.dll
0x00007ffae6180000 - 0x00007ffae61ac000 	C:\Windows\SYSTEM32\Wldp.dll
0x00007ffae7420000 - 0x00007ffae74ce000 	C:\Windows\System32\SHCORE.dll
0x00007ffae6640000 - 0x00007ffae6666000 	C:\Windows\SYSTEM32\profapi.dll
0x000000005f2d0000 - 0x000000005f2db000 	C:\Program Files\Java\jdk1.8.0_102\jre\bin\dt_shmem.dll

VM Arguments:
jvm_args: -Xdebug -Xrunjdwp:transport=dt_shmem,address=javadebug -Dfile.encoding=UTF-8 
java_command: scb.com.vn.dbi.server.DBIServer D:\EBANKING\SOURCE_CODE\db_live\config\config.properties
java_class_path (initial): D:\EBANKING\SOURCE_CODE\Library\dbi\axis-1.4.jar;D:\EBANKING\SOURCE_CODE\Library\dbi\axis-jaxrpc-1.4.jar;D:\EBANKING\SOURCE_CODE\Library\dbi\axis-saaj-1.4.jar;D:\EBANKING\SOURCE_CODE\Library\dbi\axis-wsdl4j-1.5.1.jar;D:\EBANKING\SOURCE_CODE\Library\dbi\commons-logging-1.0.4.jar;D:\EBANKING\SOURCE_CODE\Library\dbi\commons-discovery-0.2.jar;D:\EBANKING\SOURCE_CODE\Library\dbi\log4j-1.2.16.jar;D:\EBANKING\SOURCE_CODE\Library\dbi\xdb-11.1.1.2.0.jar;D:\EBANKING\SOURCE_CODE\Library\dbi\commons-codec-1.8.jar;D:\EBANKING\SOURCE_CODE\Library\dbi\antlr-2.7.7.jar;D:\EBANKING\SOURCE_CODE\Library\dbi\dom4j-1.6.1.jar;D:\EBANKING\SOURCE_CODE\Library\dbi\c3p0-0.9.2.1.jar;D:\EBANKING\SOURCE_CODE\Library\dbi\mchange-commons-java-0.2.3.4.jar;D:\EBANKING\SOURCE_CODE\Library\dbi\dozer-5.4.0.jar;D:\EBANKING\SOURCE_CODE\Library\dbi\commons-beanutils-1.8.3.jar;D:\EBANKING\SOURCE_CODE\Library\dbi\commons-lang3-3.1.jar;D:\EBANKING\SOURCE_CODE\Library\dbi\slf4j-api-1.6.6.jar;D:\EBANKING\SOURCE_CODE\Library\dbi\slf4j-log4j12-1.6.6.jar;D:\EBANKING\SOURCE_CODE\Library\dbi\jcl-over-slf4j-1.6.6.jar;D:\EBANKING\SOURCE_CODE\Library\dbi\sqljdbc4-3.0.jar;D:\EBANKING\SOURCE_CODE\Library\dbi\hibernate-c3p0-4.2.0.Final.jar;D:\EBANKING\SOURCE_CODE\Library\dbi\c3p0-0.9.1.jar;D:\EBANKING\SOURCE_CODE\Library\dbi\ojdbc6-11.2.0.jar;D:\EBANKING\SOURCE_CODE\Library\dbi\bonecp-0.7.1.RELEASE.jar;D:\EBANKING\SOURCE_CODE\Library\dbi\guava-r08.jar;D:\EBANKING\SOURCE_CODE\Library\dbi\hibernate-commons-annotations-4.0.5.Final.jar;D:\EBANKING\SOURCE_CODE\Library\dbi\hibernate-core-4.3.8.Final.jar;D:\EBANKING\SOURCE_CODE\Library\dbi\hibernate-jpa-2.1-api-1.0.0.Final.jar;D:\EBANKING\SOURCE_CODE\Library\dbi\javassist-3.18.1-GA.jar;D:\EBANKING\SOURCE_CODE\Library\dbi\jboss-logging-3.1.3.GA.jar;D:\EBANKING\SOURCE_CODE\Library\dbi\jboss-transaction-api_1.2_spec-1.0.0.Final.jar;D:\EBANKING\SOURCE_CODE\Library\dbi\jandex-1.1.0.Final.jar;D:\EBANKING\SOURCE_CODE\Library\dbi\jboss-logging-annotations-1
Launcher Type: SUN_STANDARD

Environment Variables:
JAVA_HOME=C:\Program Files\Java\jdk1.8.0_102\
PATH=D:\app\userlocal\product\11.2.0\client_3\bin;D:\app\client\vanloi\product\12.1.0\client_2\bin;C:\Windows\system32;C:\Windows;C:\Windows\System32\Wbem;C:\Windows\System32\WindowsPowerShell\v1.0\;C:\Windows\System32\OpenSSH\;C:\Program Files\Java\jdk1.8.0_102\\bin;D:\ServerJavaODiaC\apache-maven-3.3.9\bin;C:\Program Files\Java\jre1.8.0_102;C:\Program Files\TortoiseSVN\bin;;D:\Users\loinv3.SCB.000\AppData\Local\Programs\EmEditor;C:\Program Files\k6\;D:\Users\loinv3.SCB.000\AppData\Local\Microsoft\WindowsApps;D:\Users\loinv3.SCB.000\AppData\Local\Programs\Microsoft VS Code\bin;D:\Users\loinv3.SCB.000\AppData\Local\Programs\Git\cmd
USERNAME=loinv3
OS=Windows_NT
PROCESSOR_IDENTIFIER=Intel64 Family 6 Model 158 Stepping 10, GenuineIntel



---------------  S Y S T E M  ---------------

OS: Windows 10.0 , 64 bit Build 19041 (10.0.19041.662)

CPU:total 6 (6 cores per cpu, 1 threads per core) family 6 model 158 stepping 10, cmov, cx8, fxsr, mmx, sse, sse2, sse3, ssse3, sse4.1, sse4.2, popcnt, avx, avx2, aes, clmul, erms, rtm, 3dnowpref, lzcnt, tsc, tscinvbit, bmi1, bmi2, adx

Memory: 4k page, physical 16591688k(5417496k free), swap 27601736k(9679056k free)

vm_info: Java HotSpot(TM) 64-Bit Server VM (25.102-b14) for windows-amd64 JRE (1.8.0_102-b14), built on Jun 22 2016 13:15:21 by "java_re" with MS VC++ 10.0 (VS2010)

time: Mon Jun 05 13:07:16 2023
elapsed time: 6 seconds (0d 0h 0m 6s)

